{"/Users/quentin/Epsi/Master 1/MSPR-CD/paye-ton-kawa-api-node/src/axios-api/api.ts": {"path":"/Users/quentin/Epsi/Master 1/MSPR-CD/paye-ton-kawa-api-node/src/axios-api/api.ts","statementMap":{"0":{"start":{"line":1,"column":0},"end":{"line":1,"column":26}},"1":{"start":{"line":3,"column":12},"end":{"line":26,"column":2}},"2":{"start":{"line":4,"column":29},"end":{"line":4,"column":null}},"3":{"start":{"line":4,"column":30},"end":{"line":4,"column":null}},"4":{"start":{"line":5,"column":41},"end":{"line":11,"column":null}},"5":{"start":{"line":6,"column":4},"end":{"line":11,"column":null}},"6":{"start":{"line":8,"column":21},"end":{"line":8,"column":29}},"7":{"start":{"line":10,"column":8},"end":{"line":10,"column":55}},"8":{"start":{"line":12,"column":40},"end":{"line":18,"column":null}},"9":{"start":{"line":13,"column":4},"end":{"line":18,"column":null}},"10":{"start":{"line":15,"column":21},"end":{"line":15,"column":29}},"11":{"start":{"line":17,"column":8},"end":{"line":17,"column":55}},"12":{"start":{"line":19,"column":29},"end":{"line":25,"column":null}},"13":{"start":{"line":20,"column":4},"end":{"line":25,"column":null}},"14":{"start":{"line":22,"column":21},"end":{"line":22,"column":29}},"15":{"start":{"line":24,"column":8},"end":{"line":24,"column":56}},"16":{"start":{"line":28,"column":0},"end":{"line":28,"column":19}}},"fnMap":{"0":{"name":"(anonymous_8)","decl":{"start":{"line":4,"column":7},"end":{"line":4,"column":14}},"loc":{"start":{"line":4,"column":29},"end":{"line":4,"column":null}}},"1":{"name":"(anonymous_9)","decl":{"start":{"line":4,"column":29},"end":{"line":4,"column":30}},"loc":{"start":{"line":4,"column":29},"end":{"line":4,"column":null}}},"2":{"name":"(anonymous_10)","decl":{"start":{"line":5,"column":8},"end":{"line":5,"column":15}},"loc":{"start":{"line":5,"column":41},"end":{"line":11,"column":null}}},"3":{"name":"(anonymous_11)","decl":{"start":{"line":5,"column":41},"end":{"line":5,"column":null}},"loc":{"start":{"line":5,"column":41},"end":{"line":11,"column":null}}},"4":{"name":"(anonymous_12)","decl":{"start":{"line":8,"column":12},"end":{"line":8,"column":13}},"loc":{"start":{"line":8,"column":21},"end":{"line":8,"column":29}}},"5":{"name":"(anonymous_13)","decl":{"start":{"line":9,"column":13},"end":{"line":9,"column":14}},"loc":{"start":{"line":9,"column":21},"end":{"line":11,"column":7}}},"6":{"name":"(anonymous_14)","decl":{"start":{"line":12,"column":7},"end":{"line":12,"column":14}},"loc":{"start":{"line":12,"column":40},"end":{"line":18,"column":null}}},"7":{"name":"(anonymous_15)","decl":{"start":{"line":12,"column":40},"end":{"line":12,"column":null}},"loc":{"start":{"line":12,"column":40},"end":{"line":18,"column":null}}},"8":{"name":"(anonymous_16)","decl":{"start":{"line":15,"column":12},"end":{"line":15,"column":13}},"loc":{"start":{"line":15,"column":21},"end":{"line":15,"column":29}}},"9":{"name":"(anonymous_17)","decl":{"start":{"line":16,"column":13},"end":{"line":16,"column":14}},"loc":{"start":{"line":16,"column":21},"end":{"line":18,"column":7}}},"10":{"name":"(anonymous_18)","decl":{"start":{"line":19,"column":7},"end":{"line":19,"column":14}},"loc":{"start":{"line":19,"column":29},"end":{"line":25,"column":null}}},"11":{"name":"(anonymous_19)","decl":{"start":{"line":19,"column":29},"end":{"line":19,"column":null}},"loc":{"start":{"line":19,"column":29},"end":{"line":25,"column":null}}},"12":{"name":"(anonymous_20)","decl":{"start":{"line":22,"column":12},"end":{"line":22,"column":13}},"loc":{"start":{"line":22,"column":21},"end":{"line":22,"column":29}}},"13":{"name":"(anonymous_21)","decl":{"start":{"line":23,"column":13},"end":{"line":23,"column":14}},"loc":{"start":{"line":23,"column":21},"end":{"line":25,"column":7}}}},"branchMap":{},"s":{"0":3,"1":3,"2":0,"3":0,"4":0,"5":0,"6":0,"7":0,"8":0,"9":0,"10":0,"11":0,"12":0,"13":0,"14":0,"15":0,"16":3},"f":{"0":0,"1":0,"2":0,"3":0,"4":0,"5":0,"6":0,"7":0,"8":0,"9":0,"10":0,"11":0,"12":0,"13":0},"b":{}}
,"/Users/quentin/Epsi/Master 1/MSPR-CD/paye-ton-kawa-api-node/src/controllers/crmController.ts": {"path":"/Users/quentin/Epsi/Master 1/MSPR-CD/paye-ton-kawa-api-node/src/controllers/crmController.ts","statementMap":{"0":{"start":{"line":1,"column":0},"end":{"line":1,"column":46}},"1":{"start":{"line":2,"column":0},"end":{"line":2,"column":35}},"2":{"start":{"line":7,"column":4},"end":{"line":17,"column":9}},"3":{"start":{"line":10,"column":8},"end":{"line":12,"column":null}},"4":{"start":{"line":11,"column":10},"end":{"line":11,"column":42}},"5":{"start":{"line":13,"column":8},"end":{"line":13,"column":24}},"6":{"start":{"line":16,"column":8},"end":{"line":16,"column":59}},"7":{"start":{"line":21,"column":4},"end":{"line":34,"column":9}},"8":{"start":{"line":24,"column":8},"end":{"line":26,"column":null}},"9":{"start":{"line":25,"column":10},"end":{"line":25,"column":42}},"10":{"start":{"line":27,"column":8},"end":{"line":27,"column":24}},"11":{"start":{"line":30,"column":8},"end":{"line":30,"column":20}},"12":{"start":{"line":33,"column":8},"end":{"line":33,"column":58}},"13":{"start":{"line":38,"column":4},"end":{"line":51,"column":9}},"14":{"start":{"line":41,"column":8},"end":{"line":43,"column":null}},"15":{"start":{"line":42,"column":10},"end":{"line":42,"column":42}},"16":{"start":{"line":44,"column":8},"end":{"line":44,"column":24}},"17":{"start":{"line":47,"column":8},"end":{"line":47,"column":20}},"18":{"start":{"line":50,"column":8},"end":{"line":50,"column":58}},"19":{"start":{"line":58,"column":4},"end":{"line":58,"column":28}},"20":{"start":{"line":59,"column":4},"end":{"line":59,"column":25}},"21":{"start":{"line":61,"column":4},"end":{"line":74,"column":9}},"22":{"start":{"line":64,"column":8},"end":{"line":66,"column":null}},"23":{"start":{"line":65,"column":10},"end":{"line":65,"column":42}},"24":{"start":{"line":67,"column":8},"end":{"line":67,"column":24}},"25":{"start":{"line":70,"column":8},"end":{"line":70,"column":20}},"26":{"start":{"line":73,"column":8},"end":{"line":73,"column":58}},"27":{"start":{"line":5,"column":0},"end":{"line":5,"column":21}}},"fnMap":{"0":{"name":"(anonymous_1)","decl":{"start":{"line":6,"column":2},"end":{"line":6,"column":8}},"loc":{"start":{"line":6,"column":24},"end":{"line":18,"column":3}}},"1":{"name":"(anonymous_2)","decl":{"start":{"line":9,"column":12},"end":{"line":9,"column":13}},"loc":{"start":{"line":9,"column":20},"end":{"line":14,"column":7}}},"2":{"name":"(anonymous_3)","decl":{"start":{"line":15,"column":13},"end":{"line":15,"column":14}},"loc":{"start":{"line":15,"column":21},"end":{"line":17,"column":7}}},"3":{"name":"(anonymous_4)","decl":{"start":{"line":20,"column":2},"end":{"line":20,"column":8}},"loc":{"start":{"line":20,"column":31},"end":{"line":35,"column":3}}},"4":{"name":"(anonymous_5)","decl":{"start":{"line":23,"column":12},"end":{"line":23,"column":13}},"loc":{"start":{"line":23,"column":20},"end":{"line":28,"column":7}}},"5":{"name":"(anonymous_6)","decl":{"start":{"line":29,"column":12},"end":{"line":29,"column":13}},"loc":{"start":{"line":29,"column":21},"end":{"line":31,"column":7}}},"6":{"name":"(anonymous_7)","decl":{"start":{"line":32,"column":13},"end":{"line":32,"column":14}},"loc":{"start":{"line":32,"column":21},"end":{"line":34,"column":7}}},"7":{"name":"(anonymous_8)","decl":{"start":{"line":37,"column":2},"end":{"line":37,"column":8}},"loc":{"start":{"line":37,"column":37},"end":{"line":52,"column":3}}},"8":{"name":"(anonymous_9)","decl":{"start":{"line":40,"column":12},"end":{"line":40,"column":13}},"loc":{"start":{"line":40,"column":20},"end":{"line":45,"column":7}}},"9":{"name":"(anonymous_10)","decl":{"start":{"line":46,"column":12},"end":{"line":46,"column":13}},"loc":{"start":{"line":46,"column":21},"end":{"line":48,"column":7}}},"10":{"name":"(anonymous_11)","decl":{"start":{"line":49,"column":13},"end":{"line":49,"column":14}},"loc":{"start":{"line":49,"column":21},"end":{"line":51,"column":7}}},"11":{"name":"(anonymous_12)","decl":{"start":{"line":54,"column":2},"end":{"line":54,"column":8}},"loc":{"start":{"line":56,"column":19},"end":{"line":75,"column":3}}},"12":{"name":"(anonymous_13)","decl":{"start":{"line":63,"column":12},"end":{"line":63,"column":13}},"loc":{"start":{"line":63,"column":20},"end":{"line":68,"column":7}}},"13":{"name":"(anonymous_14)","decl":{"start":{"line":69,"column":12},"end":{"line":69,"column":13}},"loc":{"start":{"line":69,"column":21},"end":{"line":71,"column":7}}},"14":{"name":"(anonymous_15)","decl":{"start":{"line":72,"column":13},"end":{"line":72,"column":14}},"loc":{"start":{"line":72,"column":21},"end":{"line":74,"column":7}}}},"branchMap":{"0":{"loc":{"start":{"line":10,"column":8},"end":{"line":12,"column":null}},"type":"if","locations":[{"start":{"line":10,"column":8},"end":{"line":12,"column":null}}]},"1":{"loc":{"start":{"line":24,"column":8},"end":{"line":26,"column":null}},"type":"if","locations":[{"start":{"line":24,"column":8},"end":{"line":26,"column":null}}]},"2":{"loc":{"start":{"line":41,"column":8},"end":{"line":43,"column":null}},"type":"if","locations":[{"start":{"line":41,"column":8},"end":{"line":43,"column":null}}]},"3":{"loc":{"start":{"line":64,"column":8},"end":{"line":66,"column":null}},"type":"if","locations":[{"start":{"line":64,"column":8},"end":{"line":66,"column":null}}]}},"s":{"0":2,"1":2,"2":0,"3":0,"4":0,"5":0,"6":0,"7":0,"8":0,"9":0,"10":0,"11":0,"12":0,"13":0,"14":0,"15":0,"16":0,"17":0,"18":0,"19":0,"20":0,"21":0,"22":0,"23":0,"24":0,"25":0,"26":0,"27":2},"f":{"0":0,"1":0,"2":0,"3":0,"4":0,"5":0,"6":0,"7":0,"8":0,"9":0,"10":0,"11":0,"12":0,"13":0,"14":0},"b":{"0":[0],"1":[0],"2":[0],"3":[0]}}
,"/Users/quentin/Epsi/Master 1/MSPR-CD/paye-ton-kawa-api-node/src/controllers/erpController.ts": {"path":"/Users/quentin/Epsi/Master 1/MSPR-CD/paye-ton-kawa-api-node/src/controllers/erpController.ts","statementMap":{"0":{"start":{"line":1,"column":0},"end":{"line":1,"column":46}},"1":{"start":{"line":2,"column":0},"end":{"line":2,"column":35}},"2":{"start":{"line":7,"column":4},"end":{"line":20,"column":9}},"3":{"start":{"line":10,"column":8},"end":{"line":12,"column":null}},"4":{"start":{"line":11,"column":10},"end":{"line":11,"column":42}},"5":{"start":{"line":13,"column":8},"end":{"line":13,"column":24}},"6":{"start":{"line":16,"column":8},"end":{"line":16,"column":20}},"7":{"start":{"line":19,"column":8},"end":{"line":19,"column":57}},"8":{"start":{"line":24,"column":4},"end":{"line":37,"column":9}},"9":{"start":{"line":27,"column":8},"end":{"line":29,"column":null}},"10":{"start":{"line":28,"column":10},"end":{"line":28,"column":42}},"11":{"start":{"line":30,"column":8},"end":{"line":30,"column":24}},"12":{"start":{"line":33,"column":8},"end":{"line":33,"column":20}},"13":{"start":{"line":36,"column":8},"end":{"line":36,"column":58}},"14":{"start":{"line":5,"column":0},"end":{"line":5,"column":21}}},"fnMap":{"0":{"name":"(anonymous_1)","decl":{"start":{"line":6,"column":2},"end":{"line":6,"column":8}},"loc":{"start":{"line":6,"column":30},"end":{"line":21,"column":3}}},"1":{"name":"(anonymous_2)","decl":{"start":{"line":9,"column":12},"end":{"line":9,"column":13}},"loc":{"start":{"line":9,"column":20},"end":{"line":14,"column":7}}},"2":{"name":"(anonymous_3)","decl":{"start":{"line":15,"column":12},"end":{"line":15,"column":13}},"loc":{"start":{"line":15,"column":21},"end":{"line":17,"column":7}}},"3":{"name":"(anonymous_4)","decl":{"start":{"line":18,"column":13},"end":{"line":18,"column":14}},"loc":{"start":{"line":18,"column":21},"end":{"line":20,"column":7}}},"4":{"name":"(anonymous_5)","decl":{"start":{"line":23,"column":2},"end":{"line":23,"column":8}},"loc":{"start":{"line":23,"column":20},"end":{"line":38,"column":3}}},"5":{"name":"(anonymous_6)","decl":{"start":{"line":26,"column":12},"end":{"line":26,"column":13}},"loc":{"start":{"line":26,"column":20},"end":{"line":31,"column":7}}},"6":{"name":"(anonymous_7)","decl":{"start":{"line":32,"column":12},"end":{"line":32,"column":13}},"loc":{"start":{"line":32,"column":21},"end":{"line":34,"column":7}}},"7":{"name":"(anonymous_8)","decl":{"start":{"line":35,"column":13},"end":{"line":35,"column":14}},"loc":{"start":{"line":35,"column":21},"end":{"line":37,"column":7}}}},"branchMap":{"0":{"loc":{"start":{"line":10,"column":8},"end":{"line":12,"column":null}},"type":"if","locations":[{"start":{"line":10,"column":8},"end":{"line":12,"column":null}}]},"1":{"loc":{"start":{"line":27,"column":8},"end":{"line":29,"column":null}},"type":"if","locations":[{"start":{"line":27,"column":8},"end":{"line":29,"column":null}}]}},"s":{"0":2,"1":2,"2":0,"3":0,"4":0,"5":0,"6":0,"7":0,"8":0,"9":0,"10":0,"11":0,"12":0,"13":0,"14":2},"f":{"0":0,"1":0,"2":0,"3":0,"4":0,"5":0,"6":0,"7":0},"b":{"0":[0],"1":[0]}}
,"/Users/quentin/Epsi/Master 1/MSPR-CD/paye-ton-kawa-api-node/src/middlewares/crmMiddleware.ts": {"path":"/Users/quentin/Epsi/Master 1/MSPR-CD/paye-ton-kawa-api-node/src/middlewares/crmMiddleware.ts","statementMap":{"0":{"start":{"line":2,"column":0},"end":{"line":2,"column":57}},"1":{"start":{"line":6,"column":8},"end":{"line":6,"column":30}},"2":{"start":{"line":10,"column":8},"end":{"line":15,"column":null}},"3":{"start":{"line":11,"column":30},"end":{"line":11,"column":67}},"4":{"start":{"line":12,"column":12},"end":{"line":12,"column":44}},"5":{"start":{"line":14,"column":12},"end":{"line":14,"column":22}},"6":{"start":{"line":19,"column":8},"end":{"line":25,"column":null}},"7":{"start":{"line":20,"column":23},"end":{"line":20,"column":36}},"8":{"start":{"line":21,"column":26},"end":{"line":21,"column":61}},"9":{"start":{"line":22,"column":12},"end":{"line":22,"column":40}},"10":{"start":{"line":24,"column":12},"end":{"line":24,"column":22}},"11":{"start":{"line":29,"column":8},"end":{"line":36,"column":null}},"12":{"start":{"line":30,"column":31},"end":{"line":30,"column":52}},"13":{"start":{"line":31,"column":12},"end":{"line":31,"column":36}},"14":{"start":{"line":32,"column":27},"end":{"line":32,"column":76}},"15":{"start":{"line":33,"column":12},"end":{"line":33,"column":41}},"16":{"start":{"line":35,"column":12},"end":{"line":35,"column":22}},"17":{"start":{"line":40,"column":8},"end":{"line":47,"column":null}},"18":{"start":{"line":41,"column":31},"end":{"line":41,"column":52}},"19":{"start":{"line":42,"column":28},"end":{"line":42,"column":46}},"20":{"start":{"line":43,"column":29},"end":{"line":43,"column":94}},"21":{"start":{"line":44,"column":12},"end":{"line":44,"column":43}},"22":{"start":{"line":46,"column":12},"end":{"line":46,"column":22}},"23":{"start":{"line":4,"column":0},"end":{"line":4,"column":21}}},"fnMap":{"0":{"name":"(anonymous_8)","decl":{"start":{"line":5,"column":4},"end":{"line":5,"column":10}},"loc":{"start":{"line":5,"column":57},"end":{"line":7,"column":5}}},"1":{"name":"(anonymous_9)","decl":{"start":{"line":9,"column":4},"end":{"line":9,"column":10}},"loc":{"start":{"line":9,"column":90},"end":{"line":16,"column":null}}},"2":{"name":"(anonymous_11)","decl":{"start":{"line":18,"column":4},"end":{"line":18,"column":10}},"loc":{"start":{"line":18,"column":86},"end":{"line":26,"column":null}}},"3":{"name":"(anonymous_13)","decl":{"start":{"line":28,"column":4},"end":{"line":28,"column":10}},"loc":{"start":{"line":28,"column":92},"end":{"line":37,"column":null}}},"4":{"name":"(anonymous_15)","decl":{"start":{"line":39,"column":4},"end":{"line":39,"column":10}},"loc":{"start":{"line":39,"column":99},"end":{"line":48,"column":null}}}},"branchMap":{},"s":{"0":1,"1":1,"2":0,"3":0,"4":0,"5":0,"6":0,"7":0,"8":0,"9":0,"10":0,"11":0,"12":0,"13":0,"14":0,"15":0,"16":0,"17":0,"18":0,"19":0,"20":0,"21":0,"22":0,"23":1},"f":{"0":1,"1":0,"2":0,"3":0,"4":0},"b":{}}
,"/Users/quentin/Epsi/Master 1/MSPR-CD/paye-ton-kawa-api-node/src/middlewares/erpMiddleware.ts": {"path":"/Users/quentin/Epsi/Master 1/MSPR-CD/paye-ton-kawa-api-node/src/middlewares/erpMiddleware.ts","statementMap":{"0":{"start":{"line":2,"column":0},"end":{"line":2,"column":57}},"1":{"start":{"line":6,"column":8},"end":{"line":6,"column":35}},"2":{"start":{"line":10,"column":8},"end":{"line":16,"column":null}},"3":{"start":{"line":11,"column":23},"end":{"line":11,"column":36}},"4":{"start":{"line":12,"column":28},"end":{"line":12,"column":62}},"5":{"start":{"line":13,"column":12},"end":{"line":13,"column":42}},"6":{"start":{"line":15,"column":12},"end":{"line":15,"column":22}},"7":{"start":{"line":20,"column":8},"end":{"line":25,"column":null}},"8":{"start":{"line":21,"column":29},"end":{"line":21,"column":62}},"9":{"start":{"line":22,"column":12},"end":{"line":22,"column":43}},"10":{"start":{"line":24,"column":12},"end":{"line":24,"column":22}},"11":{"start":{"line":4,"column":0},"end":{"line":4,"column":21}}},"fnMap":{"0":{"name":"(anonymous_8)","decl":{"start":{"line":5,"column":4},"end":{"line":5,"column":10}},"loc":{"start":{"line":5,"column":47},"end":{"line":7,"column":5}}},"1":{"name":"(anonymous_9)","decl":{"start":{"line":9,"column":4},"end":{"line":9,"column":10}},"loc":{"start":{"line":9,"column":85},"end":{"line":17,"column":null}}},"2":{"name":"(anonymous_11)","decl":{"start":{"line":19,"column":4},"end":{"line":19,"column":10}},"loc":{"start":{"line":19,"column":89},"end":{"line":26,"column":null}}}},"branchMap":{},"s":{"0":1,"1":3,"2":0,"3":0,"4":0,"5":0,"6":0,"7":0,"8":0,"9":0,"10":0,"11":1},"f":{"0":3,"1":0,"2":0},"b":{}}
,"/Users/quentin/Epsi/Master 1/MSPR-CD/paye-ton-kawa-api-node/src/models/constant.ts": {"path":"/Users/quentin/Epsi/Master 1/MSPR-CD/paye-ton-kawa-api-node/src/models/constant.ts","statementMap":{"0":{"start":{"line":1,"column":13},"end":{"line":1,"column":77}}},"fnMap":{},"branchMap":{},"s":{"0":3},"f":{},"b":{}}
,"/Users/quentin/Epsi/Master 1/MSPR-CD/paye-ton-kawa-api-node/src/routes/crmRoutes.ts": {"path":"/Users/quentin/Epsi/Master 1/MSPR-CD/paye-ton-kawa-api-node/src/routes/crmRoutes.ts","statementMap":{"0":{"start":{"line":1,"column":0},"end":{"line":1,"column":33}},"1":{"start":{"line":2,"column":0},"end":{"line":2,"column":57}},"2":{"start":{"line":4,"column":23},"end":{"line":4,"column":31}},"3":{"start":{"line":6,"column":0},"end":{"line":6,"column":50}},"4":{"start":{"line":8,"column":0},"end":{"line":8,"column":66}},"5":{"start":{"line":10,"column":0},"end":{"line":10,"column":66}},"6":{"start":{"line":12,"column":0},"end":{"line":12,"column":77}},"7":{"start":{"line":14,"column":0},"end":{"line":14,"column":93}},"8":{"start":{"line":16,"column":0},"end":{"line":16,"column":22}}},"fnMap":{},"branchMap":{},"s":{"0":1,"1":1,"2":1,"3":1,"4":1,"5":1,"6":1,"7":1,"8":1},"f":{},"b":{}}
,"/Users/quentin/Epsi/Master 1/MSPR-CD/paye-ton-kawa-api-node/src/routes/erpRoutes.ts": {"path":"/Users/quentin/Epsi/Master 1/MSPR-CD/paye-ton-kawa-api-node/src/routes/erpRoutes.ts","statementMap":{"0":{"start":{"line":1,"column":0},"end":{"line":1,"column":33}},"1":{"start":{"line":2,"column":0},"end":{"line":2,"column":57}},"2":{"start":{"line":4,"column":23},"end":{"line":4,"column":31}},"3":{"start":{"line":6,"column":0},"end":{"line":6,"column":40}},"4":{"start":{"line":8,"column":0},"end":{"line":8,"column":64}},"5":{"start":{"line":10,"column":0},"end":{"line":10,"column":64}},"6":{"start":{"line":12,"column":0},"end":{"line":12,"column":22}}},"fnMap":{},"branchMap":{},"s":{"0":1,"1":1,"2":1,"3":1,"4":1,"5":1,"6":1},"f":{},"b":{}}
,"/Users/quentin/Epsi/Master 1/MSPR-CD/paye-ton-kawa-api-node/src/routes/index.ts": {"path":"/Users/quentin/Epsi/Master 1/MSPR-CD/paye-ton-kawa-api-node/src/routes/index.ts","statementMap":{"0":{"start":{"line":1,"column":0},"end":{"line":1,"column":51}},"1":{"start":{"line":6,"column":8},"end":{"line":6,"column":null}},"2":{"start":{"line":7,"column":8},"end":{"line":7,"column":null}},"3":{"start":{"line":11,"column":8},"end":{"line":11,"column":null}},"4":{"start":{"line":15,"column":20},"end":{"line":15,"column":44}},"5":{"start":{"line":16,"column":0},"end":{"line":16,"column":null}}},"fnMap":{"0":{"name":"(anonymous_0)","decl":{"start":{"line":5,"column":4},"end":{"line":5,"column":null}},"loc":{"start":{"line":5,"column":4},"end":{"line":8,"column":5}}},"1":{"name":"(anonymous_1)","decl":{"start":{"line":10,"column":4},"end":{"line":10,"column":9}},"loc":{"start":{"line":10,"column":37},"end":{"line":12,"column":5}}}},"branchMap":{},"s":{"0":1,"1":1,"2":1,"3":0,"4":1,"5":1},"f":{"0":1,"1":0},"b":{}}
,"/Users/quentin/Epsi/Master 1/MSPR-CD/paye-ton-kawa-api-node/src/tests/mocks/crmMocks.ts": {"path":"/Users/quentin/Epsi/Master 1/MSPR-CD/paye-ton-kawa-api-node/src/tests/mocks/crmMocks.ts","statementMap":{"0":{"start":{"line":5,"column":13},"end":{"line":30,"column":2}}},"fnMap":{},"branchMap":{},"s":{"0":1},"f":{},"b":{}}
,"/Users/quentin/Epsi/Master 1/MSPR-CD/paye-ton-kawa-api-node/src/tests/mocks/erpMocks.ts": {"path":"/Users/quentin/Epsi/Master 1/MSPR-CD/paye-ton-kawa-api-node/src/tests/mocks/erpMocks.ts","statementMap":{"0":{"start":{"line":3,"column":13},"end":{"line":26,"column":2}}},"fnMap":{},"branchMap":{},"s":{"0":1},"f":{},"b":{}}
}
